2023-01-20 14:10:14,720 INFO [main] c.j.c.LoggerTest [StartupInfoLogger.java:55] Starting LoggerTest using Java 1.8.0_332 on mbp-jhz.local with PID 35055 (started by jiahanzhe in /Users/jiahanzhe/workspace/java-workspace/java-learn/nowcoder-community)
2023-01-20 14:10:14,722 INFO [main] c.j.c.LoggerTest [SpringApplication.java:675] No active profile set, falling back to default profiles: default
2023-01-20 14:10:14,755 INFO [restartedMain] c.j.c.CommunityApplication [StartupInfoLogger.java:55] Starting CommunityApplication using Java 1.8.0_332 on mbp-jhz.local with PID 89175 (/Users/jiahanzhe/workspace/java-workspace/java-learn/nowcoder-community/target/classes started by jiahanzhe in /Users/jiahanzhe/workspace/java-workspace/java-learn/nowcoder-community)
2023-01-20 14:10:14,756 INFO [restartedMain] c.j.c.CommunityApplication [SpringApplication.java:675] No active profile set, falling back to default profiles: default
2023-01-20 14:10:14,938 INFO [restartedMain] o.s.b.w.e.t.TomcatWebServer [TomcatWebServer.java:108] Tomcat initialized with port(s): 8080 (http)
2023-01-20 14:10:14,938 INFO [restartedMain] o.a.c.c.StandardService [DirectJDKLog.java:173] Starting service [Tomcat]
2023-01-20 14:10:14,938 INFO [restartedMain] o.a.c.c.StandardEngine [DirectJDKLog.java:173] Starting Servlet engine: [Apache Tomcat/9.0.45]
2023-01-20 14:10:14,946 INFO [restartedMain] o.a.c.c.C.[.[.[/community] [DirectJDKLog.java:173] Initializing Spring embedded WebApplicationContext
2023-01-20 14:10:14,946 INFO [restartedMain] o.s.b.w.s.c.ServletWebServerApplicationContext [ServletWebServerApplicationContext.java:289] Root WebApplicationContext: initialization completed in 187 ms
2023-01-20 14:10:14,964 INFO [restartedMain] c.a.d.s.b.a.DruidDataSourceAutoConfigure [DruidDataSourceAutoConfigure.java:56] Init DruidDataSource
2023-01-20 14:10:14,983 INFO [restartedMain] c.a.d.p.DruidDataSource [DruidDataSource.java:998] {dataSource-4} inited
2023-01-20 14:10:15,036 INFO [restartedMain] o.s.s.c.ThreadPoolTaskExecutor [ExecutorConfigurationSupport.java:181] Initializing ExecutorService 'applicationTaskExecutor'
2023-01-20 14:10:15,047 INFO [restartedMain] o.s.b.a.w.s.WelcomePageHandlerMapping [WelcomePageHandlerMapping.java:57] Adding welcome page template: index
2023-01-20 14:10:15,072 INFO [restartedMain] o.s.b.d.a.OptionalLiveReloadServer [OptionalLiveReloadServer.java:58] LiveReload server is running on port 35729
2023-01-20 14:10:15,081 INFO [restartedMain] o.s.b.w.e.t.TomcatWebServer [TomcatWebServer.java:220] Tomcat started on port(s): 8080 (http) with context path '/community'
2023-01-20 14:10:15,084 INFO [restartedMain] c.j.c.CommunityApplication [StartupInfoLogger.java:61] Started CommunityApplication in 0.402 seconds (JVM running for 23566.533)
2023-01-20 14:10:15,084 INFO [restartedMain] o.s.b.d.a.ConditionEvaluationDeltaLoggingListener [ConditionEvaluationDeltaLoggingListener.java:63] Condition evaluation unchanged
2023-01-20 14:10:15,342 INFO [main] c.a.d.s.b.a.DruidDataSourceAutoConfigure [DruidDataSourceAutoConfigure.java:56] Init DruidDataSource
2023-01-20 14:10:15,452 INFO [main] c.a.d.p.DruidDataSource [DruidDataSource.java:998] {dataSource-1} inited
2023-01-20 14:10:15,782 INFO [main] o.s.s.c.ThreadPoolTaskExecutor [ExecutorConfigurationSupport.java:181] Initializing ExecutorService 'applicationTaskExecutor'
2023-01-20 14:10:15,850 INFO [main] o.s.b.a.w.s.WelcomePageHandlerMapping [WelcomePageHandlerMapping.java:57] Adding welcome page template: index
2023-01-20 14:10:16,087 INFO [main] c.j.c.LoggerTest [StartupInfoLogger.java:61] Started LoggerTest in 1.668 seconds (JVM running for 2.242)
2023-01-20 14:10:16,298 INFO [main] c.j.c.LoggerTest [LoggerTest.java:25] info logger
2023-01-20 14:10:16,314 INFO [SpringContextShutdownHook] o.s.s.c.ThreadPoolTaskExecutor [ExecutorConfigurationSupport.java:218] Shutting down ExecutorService 'applicationTaskExecutor'
2023-01-20 14:10:16,315 INFO [SpringContextShutdownHook] c.a.d.p.DruidDataSource [DruidDataSource.java:2071] {dataSource-1} closing ...
2023-01-20 14:10:16,317 INFO [SpringContextShutdownHook] c.a.d.p.DruidDataSource [DruidDataSource.java:2144] {dataSource-1} closed
2023-01-20 21:13:27,451 INFO [Thread-24] o.s.s.c.ThreadPoolTaskExecutor [ExecutorConfigurationSupport.java:218] Shutting down ExecutorService 'applicationTaskExecutor'
2023-01-20 21:13:27,455 INFO [Thread-24] c.a.d.p.DruidDataSource [DruidDataSource.java:2071] {dataSource-4} closing ...
2023-01-20 21:13:27,456 INFO [Thread-24] c.a.d.p.DruidDataSource [DruidDataSource.java:2144] {dataSource-4} closed
2023-01-20 21:13:27,814 INFO [restartedMain] c.j.c.CommunityApplication [StartupInfoLogger.java:55] Starting CommunityApplication using Java 1.8.0_332 on mbp-jhz.local with PID 89175 (/Users/jiahanzhe/workspace/java-workspace/java-learn/nowcoder-community/target/classes started by jiahanzhe in /Users/jiahanzhe/workspace/java-workspace/java-learn/nowcoder-community)
2023-01-20 21:13:27,814 INFO [restartedMain] c.j.c.CommunityApplication [SpringApplication.java:675] No active profile set, falling back to default profiles: default
2023-01-20 21:13:27,936 INFO [restartedMain] o.s.b.w.e.t.TomcatWebServer [TomcatWebServer.java:108] Tomcat initialized with port(s): 8080 (http)
2023-01-20 21:13:27,937 INFO [restartedMain] o.a.c.c.StandardService [DirectJDKLog.java:173] Starting service [Tomcat]
2023-01-20 21:13:27,937 INFO [restartedMain] o.a.c.c.StandardEngine [DirectJDKLog.java:173] Starting Servlet engine: [Apache Tomcat/9.0.45]
2023-01-20 21:13:27,940 INFO [restartedMain] o.a.c.c.C.[.[.[/community] [DirectJDKLog.java:173] Initializing Spring embedded WebApplicationContext
2023-01-20 21:13:27,941 INFO [restartedMain] o.s.b.w.s.c.ServletWebServerApplicationContext [ServletWebServerApplicationContext.java:289] Root WebApplicationContext: initialization completed in 125 ms
2023-01-20 21:13:27,954 INFO [restartedMain] c.a.d.s.b.a.DruidDataSourceAutoConfigure [DruidDataSourceAutoConfigure.java:56] Init DruidDataSource
2023-01-20 21:13:27,970 INFO [restartedMain] c.a.d.p.DruidDataSource [DruidDataSource.java:998] {dataSource-5} inited
2023-01-20 21:13:28,014 INFO [restartedMain] c.a.d.p.DruidDataSource [DruidDataSource.java:2071] {dataSource-5} closing ...
2023-01-20 21:13:28,014 INFO [restartedMain] c.a.d.p.DruidDataSource [DruidDataSource.java:2144] {dataSource-5} closed
2023-01-20 21:13:28,014 INFO [restartedMain] o.a.c.c.StandardService [DirectJDKLog.java:173] Stopping service [Tomcat]
2023-01-20 21:13:28,020 INFO [restartedMain] o.s.b.a.l.ConditionEvaluationReportLoggingListener [ConditionEvaluationReportLoggingListener.java:136] 

Error starting ApplicationContext. To display the conditions report re-run your application with 'debug' enabled.
2023-01-20 21:13:28,877 INFO [main] c.j.c.MailTest [StartupInfoLogger.java:55] Starting MailTest using Java 1.8.0_332 on mbp-jhz.local with PID 71910 (started by jiahanzhe in /Users/jiahanzhe/workspace/java-workspace/java-learn/nowcoder-community)
2023-01-20 21:13:28,878 INFO [main] c.j.c.MailTest [SpringApplication.java:675] No active profile set, falling back to default profiles: default
2023-01-20 21:13:29,416 INFO [main] c.a.d.s.b.a.DruidDataSourceAutoConfigure [DruidDataSourceAutoConfigure.java:56] Init DruidDataSource
2023-01-20 21:13:29,474 INFO [restartedMain] c.j.c.CommunityApplication [StartupInfoLogger.java:55] Starting CommunityApplication using Java 1.8.0_332 on mbp-jhz.local with PID 89175 (/Users/jiahanzhe/workspace/java-workspace/java-learn/nowcoder-community/target/classes started by jiahanzhe in /Users/jiahanzhe/workspace/java-workspace/java-learn/nowcoder-community)
2023-01-20 21:13:29,474 INFO [restartedMain] c.j.c.CommunityApplication [SpringApplication.java:675] No active profile set, falling back to default profiles: default
2023-01-20 21:13:29,555 INFO [main] c.a.d.p.DruidDataSource [DruidDataSource.java:998] {dataSource-1} inited
2023-01-20 21:13:29,610 INFO [restartedMain] o.s.b.w.e.t.TomcatWebServer [TomcatWebServer.java:108] Tomcat initialized with port(s): 8080 (http)
2023-01-20 21:13:29,611 INFO [restartedMain] o.a.c.c.StandardService [DirectJDKLog.java:173] Starting service [Tomcat]
2023-01-20 21:13:29,611 INFO [restartedMain] o.a.c.c.StandardEngine [DirectJDKLog.java:173] Starting Servlet engine: [Apache Tomcat/9.0.45]
2023-01-20 21:13:29,615 INFO [restartedMain] o.a.c.c.C.[.[.[/community] [DirectJDKLog.java:173] Initializing Spring embedded WebApplicationContext
2023-01-20 21:13:29,615 INFO [restartedMain] o.s.b.w.s.c.ServletWebServerApplicationContext [ServletWebServerApplicationContext.java:289] Root WebApplicationContext: initialization completed in 140 ms
2023-01-20 21:13:29,630 INFO [restartedMain] c.a.d.s.b.a.DruidDataSourceAutoConfigure [DruidDataSourceAutoConfigure.java:56] Init DruidDataSource
2023-01-20 21:13:29,649 INFO [restartedMain] c.a.d.p.DruidDataSource [DruidDataSource.java:998] {dataSource-6} inited
2023-01-20 21:13:29,682 INFO [restartedMain] c.a.d.p.DruidDataSource [DruidDataSource.java:2071] {dataSource-6} closing ...
2023-01-20 21:13:29,682 INFO [restartedMain] c.a.d.p.DruidDataSource [DruidDataSource.java:2144] {dataSource-6} closed
2023-01-20 21:13:29,682 INFO [restartedMain] o.a.c.c.StandardService [DirectJDKLog.java:173] Stopping service [Tomcat]
2023-01-20 21:13:29,688 INFO [restartedMain] o.s.b.a.l.ConditionEvaluationReportLoggingListener [ConditionEvaluationReportLoggingListener.java:136] 

Error starting ApplicationContext. To display the conditions report re-run your application with 'debug' enabled.
2023-01-20 21:13:29,931 INFO [main] o.s.s.c.ThreadPoolTaskExecutor [ExecutorConfigurationSupport.java:181] Initializing ExecutorService 'applicationTaskExecutor'
2023-01-20 21:13:30,005 INFO [main] o.s.b.a.w.s.WelcomePageHandlerMapping [WelcomePageHandlerMapping.java:57] Adding welcome page template: index
2023-01-20 21:13:30,209 INFO [main] c.j.c.MailTest [StartupInfoLogger.java:61] Started MailTest in 1.562 seconds (JVM running for 2.053)
2023-01-20 21:13:32,180 INFO [SpringContextShutdownHook] o.s.s.c.ThreadPoolTaskExecutor [ExecutorConfigurationSupport.java:218] Shutting down ExecutorService 'applicationTaskExecutor'
2023-01-20 21:13:32,181 INFO [SpringContextShutdownHook] c.a.d.p.DruidDataSource [DruidDataSource.java:2071] {dataSource-1} closing ...
2023-01-20 21:13:32,182 INFO [SpringContextShutdownHook] c.a.d.p.DruidDataSource [DruidDataSource.java:2144] {dataSource-1} closed
2023-01-20 21:16:27,583 INFO [main] c.j.c.MailTest [StartupInfoLogger.java:55] Starting MailTest using Java 1.8.0_332 on mbp-jhz.local with PID 72248 (started by jiahanzhe in /Users/jiahanzhe/workspace/java-workspace/java-learn/nowcoder-community)
2023-01-20 21:16:27,586 INFO [main] c.j.c.MailTest [SpringApplication.java:675] No active profile set, falling back to default profiles: default
2023-01-20 21:16:28,090 INFO [main] c.a.d.s.b.a.DruidDataSourceAutoConfigure [DruidDataSourceAutoConfigure.java:56] Init DruidDataSource
2023-01-20 21:16:28,195 INFO [main] c.a.d.p.DruidDataSource [DruidDataSource.java:998] {dataSource-1} inited
2023-01-20 21:16:28,493 INFO [main] o.s.s.c.ThreadPoolTaskExecutor [ExecutorConfigurationSupport.java:181] Initializing ExecutorService 'applicationTaskExecutor'
2023-01-20 21:16:28,548 INFO [main] o.s.b.a.w.s.WelcomePageHandlerMapping [WelcomePageHandlerMapping.java:57] Adding welcome page template: index
2023-01-20 21:16:28,702 INFO [main] c.j.c.MailTest [StartupInfoLogger.java:61] Started MailTest in 1.501 seconds (JVM running for 2.018)
2023-01-20 21:16:30,301 INFO [SpringContextShutdownHook] o.s.s.c.ThreadPoolTaskExecutor [ExecutorConfigurationSupport.java:218] Shutting down ExecutorService 'applicationTaskExecutor'
2023-01-20 21:16:30,301 INFO [SpringContextShutdownHook] c.a.d.p.DruidDataSource [DruidDataSource.java:2071] {dataSource-1} closing ...
2023-01-20 21:16:30,302 INFO [SpringContextShutdownHook] c.a.d.p.DruidDataSource [DruidDataSource.java:2144] {dataSource-1} closed
2023-01-20 21:23:52,315 INFO [main] c.j.c.MailTest [StartupInfoLogger.java:55] Starting MailTest using Java 1.8.0_332 on mbp-jhz.local with PID 73021 (started by jiahanzhe in /Users/jiahanzhe/workspace/java-workspace/java-learn/nowcoder-community)
2023-01-20 21:23:52,317 INFO [main] c.j.c.MailTest [SpringApplication.java:675] No active profile set, falling back to default profiles: default
2023-01-20 21:23:52,840 INFO [main] c.a.d.s.b.a.DruidDataSourceAutoConfigure [DruidDataSourceAutoConfigure.java:56] Init DruidDataSource
2023-01-20 21:23:52,953 INFO [main] c.a.d.p.DruidDataSource [DruidDataSource.java:998] {dataSource-1} inited
2023-01-20 21:23:53,268 INFO [main] o.s.s.c.ThreadPoolTaskExecutor [ExecutorConfigurationSupport.java:181] Initializing ExecutorService 'applicationTaskExecutor'
2023-01-20 21:23:53,331 INFO [main] o.s.b.a.w.s.WelcomePageHandlerMapping [WelcomePageHandlerMapping.java:57] Adding welcome page template: index
2023-01-20 21:23:53,511 INFO [main] c.j.c.MailTest [StartupInfoLogger.java:61] Started MailTest in 1.575 seconds (JVM running for 2.025)
2023-01-20 21:23:55,453 INFO [SpringContextShutdownHook] o.s.s.c.ThreadPoolTaskExecutor [ExecutorConfigurationSupport.java:218] Shutting down ExecutorService 'applicationTaskExecutor'
2023-01-20 21:23:55,454 INFO [SpringContextShutdownHook] c.a.d.p.DruidDataSource [DruidDataSource.java:2071] {dataSource-1} closing ...
2023-01-20 21:23:55,455 INFO [SpringContextShutdownHook] c.a.d.p.DruidDataSource [DruidDataSource.java:2144] {dataSource-1} closed
2023-01-20 21:26:32,139 INFO [restartedMain] c.j.c.CommunityApplication [StartupInfoLogger.java:55] Starting CommunityApplication using Java 1.8.0_332 on mbp-jhz.local with PID 89175 (/Users/jiahanzhe/workspace/java-workspace/java-learn/nowcoder-community/target/classes started by jiahanzhe in /Users/jiahanzhe/workspace/java-workspace/java-learn/nowcoder-community)
2023-01-20 21:26:32,140 INFO [restartedMain] c.j.c.CommunityApplication [SpringApplication.java:675] No active profile set, falling back to default profiles: default
2023-01-20 21:26:32,273 INFO [restartedMain] o.s.b.w.e.t.TomcatWebServer [TomcatWebServer.java:108] Tomcat initialized with port(s): 8080 (http)
2023-01-20 21:26:32,273 INFO [restartedMain] o.a.c.c.StandardService [DirectJDKLog.java:173] Starting service [Tomcat]
2023-01-20 21:26:32,273 INFO [restartedMain] o.a.c.c.StandardEngine [DirectJDKLog.java:173] Starting Servlet engine: [Apache Tomcat/9.0.45]
2023-01-20 21:26:32,277 INFO [restartedMain] o.a.c.c.C.[.[.[/community] [DirectJDKLog.java:173] Initializing Spring embedded WebApplicationContext
2023-01-20 21:26:32,277 INFO [restartedMain] o.s.b.w.s.c.ServletWebServerApplicationContext [ServletWebServerApplicationContext.java:289] Root WebApplicationContext: initialization completed in 134 ms
2023-01-20 21:26:32,295 INFO [restartedMain] c.a.d.s.b.a.DruidDataSourceAutoConfigure [DruidDataSourceAutoConfigure.java:56] Init DruidDataSource
2023-01-20 21:26:32,311 INFO [restartedMain] c.a.d.p.DruidDataSource [DruidDataSource.java:998] {dataSource-7} inited
2023-01-20 21:26:32,332 INFO [restartedMain] c.a.d.p.DruidDataSource [DruidDataSource.java:2071] {dataSource-7} closing ...
2023-01-20 21:26:32,333 INFO [restartedMain] c.a.d.p.DruidDataSource [DruidDataSource.java:2144] {dataSource-7} closed
2023-01-20 21:26:32,333 INFO [restartedMain] o.a.c.c.StandardService [DirectJDKLog.java:173] Stopping service [Tomcat]
2023-01-20 21:26:32,336 INFO [restartedMain] o.s.b.a.l.ConditionEvaluationReportLoggingListener [ConditionEvaluationReportLoggingListener.java:136] 

Error starting ApplicationContext. To display the conditions report re-run your application with 'debug' enabled.
2023-01-20 21:26:33,767 INFO [main] c.j.c.MailTest [StartupInfoLogger.java:55] Starting MailTest using Java 1.8.0_332 on mbp-jhz.local with PID 73340 (started by jiahanzhe in /Users/jiahanzhe/workspace/java-workspace/java-learn/nowcoder-community)
2023-01-20 21:26:33,769 INFO [main] c.j.c.MailTest [SpringApplication.java:675] No active profile set, falling back to default profiles: default
2023-01-20 21:26:34,355 INFO [main] c.a.d.s.b.a.DruidDataSourceAutoConfigure [DruidDataSourceAutoConfigure.java:56] Init DruidDataSource
2023-01-20 21:26:34,473 INFO [main] c.a.d.p.DruidDataSource [DruidDataSource.java:998] {dataSource-1} inited
2023-01-20 21:26:34,839 INFO [main] o.s.s.c.ThreadPoolTaskExecutor [ExecutorConfigurationSupport.java:181] Initializing ExecutorService 'applicationTaskExecutor'
2023-01-20 21:26:34,899 INFO [main] o.s.b.a.w.s.WelcomePageHandlerMapping [WelcomePageHandlerMapping.java:57] Adding welcome page template: index
2023-01-20 21:26:35,099 INFO [main] c.j.c.MailTest [StartupInfoLogger.java:61] Started MailTest in 1.584 seconds (JVM running for 2.142)
2023-01-20 21:26:36,933 INFO [SpringContextShutdownHook] o.s.s.c.ThreadPoolTaskExecutor [ExecutorConfigurationSupport.java:218] Shutting down ExecutorService 'applicationTaskExecutor'
2023-01-20 21:26:36,934 INFO [SpringContextShutdownHook] c.a.d.p.DruidDataSource [DruidDataSource.java:2071] {dataSource-1} closing ...
2023-01-20 21:26:36,934 INFO [SpringContextShutdownHook] c.a.d.p.DruidDataSource [DruidDataSource.java:2144] {dataSource-1} closed
